<?xml version="1.0" encoding="UTF-8"?>
<!-- Generated by org.testng.reporters.JUnitReportReporter -->
<testsuite hostname="AMK53S-26" name="automation_Framework.P5_framework_annotations" tests="2" failures="0" timestamp="26 Aug 2014 08:34:43 GMT" time="0.009" errors="0">
  <testcase name="f1" time="0.008" classname="automation_Framework.P5_framework_annotations"/>
  <testcase name="f2" time="0.001" classname="automation_Framework.P5_framework_annotations"/>
</testsuite> <!-- automation_Framework.P5_framework_annotations -->
