<?xml version="1.0" encoding="UTF-8"?>
<!-- Generated by org.testng.reporters.JUnitReportReporter -->
<testsuite hostname="AMK53S-26" name="runners.Handle_Dynamic_WebTables_Runner" tests="1" failures="0" timestamp="13 Jul 2016 08:25:25 GMT" time="0.001" errors="1">
  <testcase name="Demo" time="0.001" classname="runners.Handle_Dynamic_WebTables_Runner">
    <error type="org.openqa.selenium.WebDriverException" message="Failed to connect to binary FirefoxBinary(C:\Program Files (x86)\Mozilla Firefox\firefox.exe) on port 7055; process output follows: 
ull,&quot;updateKey&quot;:null,&quot;optionsURL&quot;:null,&quot;optionsType&quot;:null,&quot;aboutURL&quot;:null,&quot;icons&quot;:{&quot;32&quot;:&quot;icon.png&quot;,&quot;48&quot;:&quot;icon.png&quot;},&quot;iconURL&quot;:null,&quot;icon64URL&quot;:null,&quot;defaultLocale&quot;:{&quot;name&quot;:&quot;Default&quot;,&quot;description&quot;:&quot;The default theme.&quot;,&quot;creator&quot;:&quot;Mozilla&quot;,&quot;homepageURL&quot;:null,&quot;contributors&quot;:[&quot;Mozilla Contributors&quot;]},&quot;visible&quot;:true,&quot;active&quot;:true,&quot;userDisabled&quot;:false,&quot;appDisabled&quot;:false,&quot;descriptor&quot;:&quot;C:\\Program Files (x86)\\Mozilla Firefox\\browser\\extensions\\{972ce4c6-7e08-4474-a285-3208198ce6fd}.xpi&quot;,&quot;installDate&quot;:1465532027854,&quot;updateDate&quot;:1465532027854,&quot;applyBackgroundUpdates&quot;:1,&quot;skinnable&quot;:true,&quot;size&quot;:22006,&quot;sourceURI&quot;:null,&quot;releaseNotesURI&quot;:null,&quot;softDisabled&quot;:false,&quot;foreignInstall&quot;:false,&quot;hasBinaryComponents&quot;:false,&quot;strictCompatibility&quot;:true,&quot;locales&quot;:[],&quot;targetApplications&quot;:[{&quot;id&quot;:&quot;{ec8030f7-c20a-464f-9b0e-13a3a9e97384}&quot;,&quot;minVersion&quot;:&quot;47.0&quot;,&quot;maxVersion&quot;:&quot;47.0&quot;}],&quot;targetPlatforms&quot;:[],&quot;seen&quot;:true}
1468398283517	addons.xpi	DEBUG	getModTime: Recursive scan of {972ce4c6-7e08-4474-a285-3208198ce6fd}
1468398283519	DeferredSave.extensions.json	DEBUG	Save changes
1468398283519	addons.xpi	DEBUG	Updating database with changes to installed add-ons
1468398283519	addons.xpi-utils	DEBUG	Updating add-on states
1468398283521	addons.xpi-utils	DEBUG	Writing add-ons list
1468398283601	addons.xpi	DEBUG	Registering manifest for C:\Program Files (x86)\Mozilla Firefox\browser\features\e10srollout@mozilla.org.xpi
1468398283603	addons.xpi	DEBUG	Calling bootstrap method startup on e10srollout@mozilla.org version 1.0
1468398283603	addons.xpi	DEBUG	Registering manifest for C:\Program Files (x86)\Mozilla Firefox\browser\features\firefox@getpocket.com.xpi
1468398283605	addons.xpi	DEBUG	Calling bootstrap method startup on firefox@getpocket.com version 1.0.2
1468398283607	addons.xpi	DEBUG	Registering manifest for C:\Program Files (x86)\Mozilla Firefox\browser\features\loop@mozilla.org.xpi
1468398283609	addons.xpi	DEBUG	Calling bootstrap method startup on loop@mozilla.org version 1.3.2
1468398283702	addons.manager	DEBUG	Registering shutdown blocker for XPIProvider
1468398283703	addons.manager	DEBUG	Provider finished startup: XPIProvider
1468398283703	addons.manager	DEBUG	Starting provider: LightweightThemeManager
1468398283703	addons.manager	DEBUG	Registering shutdown blocker for LightweightThemeManager
1468398283703	addons.manager	DEBUG	Provider finished startup: LightweightThemeManager
1468398283704	addons.manager	DEBUG	Starting provider: GMPProvider
1468398283760	addons.manager	DEBUG	Registering shutdown blocker for GMPProvider
1468398283760	addons.manager	DEBUG	Provider finished startup: GMPProvider
1468398283761	addons.manager	DEBUG	Starting provider: PluginProvider
1468398283761	addons.manager	DEBUG	Registering shutdown blocker for PluginProvider
1468398283762	addons.manager	DEBUG	Provider finished startup: PluginProvider
1468398283763	addons.manager	DEBUG	Completed startup sequence
1468398287944	addons.manager	DEBUG	Starting provider: &lt;unnamed-provider&gt;
1468398287945	addons.manager	DEBUG	Registering shutdown blocker for &lt;unnamed-provider&gt;
1468398287945	addons.manager	DEBUG	Provider finished startup: &lt;unnamed-provider&gt;
1468398292664	DeferredSave.extensions.json	DEBUG	Write succeeded
1468398292664	addons.xpi-utils	DEBUG	XPI Database saved, setting schema version preference to 17
1468398292664	DeferredSave.extensions.json	DEBUG	Starting timer
1468398292672	addons.repository	DEBUG	No addons.json found.
1468398292672	DeferredSave.addons.json	DEBUG	Save changes
1468398292728	DeferredSave.addons.json	DEBUG	Starting timer
1468398294010	addons.manager	DEBUG	Starting provider: PreviousExperimentProvider
1468398294010	addons.manager	DEBUG	Registering shutdown blocker for PreviousExperimentProvider
1468398294011	addons.manager	DEBUG	Provider finished startup: PreviousExperimentProvider
1468398294014	DeferredSave.extensions.json	DEBUG	Starting write
1468398294018	DeferredSave.addons.json	DEBUG	Starting write
1468398294306	DeferredSave.extensions.json	DEBUG	Write succeeded
1468398295196	DeferredSave.addons.json	DEBUG	Write succeeded

Build info: version: &#039;2.47.1&#039;, revision: &#039;411b314&#039;, time: &#039;2015-07-30 02:56:46&#039;
System info: host: &#039;AMK53S-26&#039;, ip: &#039;192.168.4.245&#039;, os.name: &#039;Windows 7&#039;, os.arch: &#039;amd64&#039;, os.version: &#039;6.1&#039;, java.version: &#039;1.8.0_45&#039;
Driver info: driver.version: FirefoxDriver">
      <![CDATA[org.openqa.selenium.WebDriverException: Failed to connect to binary FirefoxBinary(C:\Program Files (x86)\Mozilla Firefox\firefox.exe) on port 7055; process output follows: 
ull,"updateKey":null,"optionsURL":null,"optionsType":null,"aboutURL":null,"icons":{"32":"icon.png","48":"icon.png"},"iconURL":null,"icon64URL":null,"defaultLocale":{"name":"Default","description":"The default theme.","creator":"Mozilla","homepageURL":null,"contributors":["Mozilla Contributors"]},"visible":true,"active":true,"userDisabled":false,"appDisabled":false,"descriptor":"C:\\Program Files (x86)\\Mozilla Firefox\\browser\\extensions\\{972ce4c6-7e08-4474-a285-3208198ce6fd}.xpi","installDate":1465532027854,"updateDate":1465532027854,"applyBackgroundUpdates":1,"skinnable":true,"size":22006,"sourceURI":null,"releaseNotesURI":null,"softDisabled":false,"foreignInstall":false,"hasBinaryComponents":false,"strictCompatibility":true,"locales":[],"targetApplications":[{"id":"{ec8030f7-c20a-464f-9b0e-13a3a9e97384}","minVersion":"47.0","maxVersion":"47.0"}],"targetPlatforms":[],"seen":true}
1468398283517	addons.xpi	DEBUG	getModTime: Recursive scan of {972ce4c6-7e08-4474-a285-3208198ce6fd}
1468398283519	DeferredSave.extensions.json	DEBUG	Save changes
1468398283519	addons.xpi	DEBUG	Updating database with changes to installed add-ons
1468398283519	addons.xpi-utils	DEBUG	Updating add-on states
1468398283521	addons.xpi-utils	DEBUG	Writing add-ons list
1468398283601	addons.xpi	DEBUG	Registering manifest for C:\Program Files (x86)\Mozilla Firefox\browser\features\e10srollout@mozilla.org.xpi
1468398283603	addons.xpi	DEBUG	Calling bootstrap method startup on e10srollout@mozilla.org version 1.0
1468398283603	addons.xpi	DEBUG	Registering manifest for C:\Program Files (x86)\Mozilla Firefox\browser\features\firefox@getpocket.com.xpi
1468398283605	addons.xpi	DEBUG	Calling bootstrap method startup on firefox@getpocket.com version 1.0.2
1468398283607	addons.xpi	DEBUG	Registering manifest for C:\Program Files (x86)\Mozilla Firefox\browser\features\loop@mozilla.org.xpi
1468398283609	addons.xpi	DEBUG	Calling bootstrap method startup on loop@mozilla.org version 1.3.2
1468398283702	addons.manager	DEBUG	Registering shutdown blocker for XPIProvider
1468398283703	addons.manager	DEBUG	Provider finished startup: XPIProvider
1468398283703	addons.manager	DEBUG	Starting provider: LightweightThemeManager
1468398283703	addons.manager	DEBUG	Registering shutdown blocker for LightweightThemeManager
1468398283703	addons.manager	DEBUG	Provider finished startup: LightweightThemeManager
1468398283704	addons.manager	DEBUG	Starting provider: GMPProvider
1468398283760	addons.manager	DEBUG	Registering shutdown blocker for GMPProvider
1468398283760	addons.manager	DEBUG	Provider finished startup: GMPProvider
1468398283761	addons.manager	DEBUG	Starting provider: PluginProvider
1468398283761	addons.manager	DEBUG	Registering shutdown blocker for PluginProvider
1468398283762	addons.manager	DEBUG	Provider finished startup: PluginProvider
1468398283763	addons.manager	DEBUG	Completed startup sequence
1468398287944	addons.manager	DEBUG	Starting provider: <unnamed-provider>
1468398287945	addons.manager	DEBUG	Registering shutdown blocker for <unnamed-provider>
1468398287945	addons.manager	DEBUG	Provider finished startup: <unnamed-provider>
1468398292664	DeferredSave.extensions.json	DEBUG	Write succeeded
1468398292664	addons.xpi-utils	DEBUG	XPI Database saved, setting schema version preference to 17
1468398292664	DeferredSave.extensions.json	DEBUG	Starting timer
1468398292672	addons.repository	DEBUG	No addons.json found.
1468398292672	DeferredSave.addons.json	DEBUG	Save changes
1468398292728	DeferredSave.addons.json	DEBUG	Starting timer
1468398294010	addons.manager	DEBUG	Starting provider: PreviousExperimentProvider
1468398294010	addons.manager	DEBUG	Registering shutdown blocker for PreviousExperimentProvider
1468398294011	addons.manager	DEBUG	Provider finished startup: PreviousExperimentProvider
1468398294014	DeferredSave.extensions.json	DEBUG	Starting write
1468398294018	DeferredSave.addons.json	DEBUG	Starting write
1468398294306	DeferredSave.extensions.json	DEBUG	Write succeeded
1468398295196	DeferredSave.addons.json	DEBUG	Write succeeded

Build info: version: '2.47.1', revision: '411b314', time: '2015-07-30 02:56:46'
System info: host: 'AMK53S-26', ip: '192.168.4.245', os.name: 'Windows 7', os.arch: 'amd64', os.version: '6.1', java.version: '1.8.0_45'
Driver info: driver.version: FirefoxDriver
	at org.openqa.selenium.firefox.internal.NewProfileExtensionConnection.start(NewProfileExtensionConnection.java:134)
	at org.openqa.selenium.firefox.FirefoxDriver.startClient(FirefoxDriver.java:276)
	at org.openqa.selenium.remote.RemoteWebDriver.<init>(RemoteWebDriver.java:116)
	at org.openqa.selenium.firefox.FirefoxDriver.<init>(FirefoxDriver.java:223)
	at org.openqa.selenium.firefox.FirefoxDriver.<init>(FirefoxDriver.java:216)
	at org.openqa.selenium.firefox.FirefoxDriver.<init>(FirefoxDriver.java:212)
	at org.openqa.selenium.firefox.FirefoxDriver.<init>(FirefoxDriver.java:125)
	at initialize.Sel_Form.Setup(Sel_Form.java:27)
	at runners.Handle_Dynamic_WebTables_Runner.beforeClass(Handle_Dynamic_WebTables_Runner.java:13)
	at sun.reflect.NativeMethodAccessorImpl.invoke0(Native Method)
	at sun.reflect.NativeMethodAccessorImpl.invoke(NativeMethodAccessorImpl.java:62)
	at sun.reflect.DelegatingMethodAccessorImpl.invoke(DelegatingMethodAccessorImpl.java:43)
	at java.lang.reflect.Method.invoke(Method.java:497)
	at org.testng.internal.MethodInvocationHelper.invokeMethod(MethodInvocationHelper.java:85)
	at org.testng.internal.Invoker.invokeConfigurationMethod(Invoker.java:510)
	at org.testng.internal.Invoker.invokeConfigurations(Invoker.java:211)
	at org.testng.internal.Invoker.invokeConfigurations(Invoker.java:138)
	at org.testng.internal.TestMethodWorker.invokeBeforeClassMethods(TestMethodWorker.java:170)
	at org.testng.internal.TestMethodWorker.run(TestMethodWorker.java:104)
	at org.testng.TestRunner.privateRun(TestRunner.java:773)
	at org.testng.TestRunner.run(TestRunner.java:623)
	at org.testng.SuiteRunner.runTest(SuiteRunner.java:359)
	at org.testng.SuiteRunner.runSequentially(SuiteRunner.java:354)
	at org.testng.SuiteRunner.privateRun(SuiteRunner.java:312)
	at org.testng.SuiteRunner.run(SuiteRunner.java:261)
	at org.testng.SuiteRunnerWorker.runSuite(SuiteRunnerWorker.java:52)
	at org.testng.SuiteRunnerWorker.run(SuiteRunnerWorker.java:86)
	at org.testng.TestNG.runSuitesSequentially(TestNG.java:1185)
	at org.testng.TestNG.runSuitesLocally(TestNG.java:1110)
	at org.testng.TestNG.run(TestNG.java:1018)
	at org.testng.remote.RemoteTestNG.run(RemoteTestNG.java:112)
	at org.testng.remote.RemoteTestNG.initAndRun(RemoteTestNG.java:205)
	at org.testng.remote.RemoteTestNG.main(RemoteTestNG.java:176)
Caused by: org.openqa.selenium.firefox.NotConnectedException: Unable to connect to host 127.0.0.1 on port 7055 after 45000 ms. Firefox console output:
ull,"updateKey":null,"optionsURL":null,"optionsType":null,"aboutURL":null,"icons":{"32":"icon.png","48":"icon.png"},"iconURL":null,"icon64URL":null,"defaultLocale":{"name":"Default","description":"The default theme.","creator":"Mozilla","homepageURL":null,"contributors":["Mozilla Contributors"]},"visible":true,"active":true,"userDisabled":false,"appDisabled":false,"descriptor":"C:\\Program Files (x86)\\Mozilla Firefox\\browser\\extensions\\{972ce4c6-7e08-4474-a285-3208198ce6fd}.xpi","installDate":1465532027854,"updateDate":1465532027854,"applyBackgroundUpdates":1,"skinnable":true,"size":22006,"sourceURI":null,"releaseNotesURI":null,"softDisabled":false,"foreignInstall":false,"hasBinaryComponents":false,"strictCompatibility":true,"locales":[],"targetApplications":[{"id":"{ec8030f7-c20a-464f-9b0e-13a3a9e97384}","minVersion":"47.0","maxVersion":"47.0"}],"targetPlatforms":[],"seen":true}
1468398283517	addons.xpi	DEBUG	getModTime: Recursive scan of {972ce4c6-7e08-4474-a285-3208198ce6fd}
1468398283519	DeferredSave.extensions.json	DEBUG	Save changes
1468398283519	addons.xpi	DEBUG	Updating database with changes to installed add-ons
1468398283519	addons.xpi-utils	DEBUG	Updating add-on states
1468398283521	addons.xpi-utils	DEBUG	Writing add-ons list
1468398283601	addons.xpi	DEBUG	Registering manifest for C:\Program Files (x86)\Mozilla Firefox\browser\features\e10srollout@mozilla.org.xpi
1468398283603	addons.xpi	DEBUG	Calling bootstrap method startup on e10srollout@mozilla.org version 1.0
1468398283603	addons.xpi	DEBUG	Registering manifest for C:\Program Files (x86)\Mozilla Firefox\browser\features\firefox@getpocket.com.xpi
1468398283605	addons.xpi	DEBUG	Calling bootstrap method startup on firefox@getpocket.com version 1.0.2
1468398283607	addons.xpi	DEBUG	Registering manifest for C:\Program Files (x86)\Mozilla Firefox\browser\features\loop@mozilla.org.xpi
1468398283609	addons.xpi	DEBUG	Calling bootstrap method startup on loop@mozilla.org version 1.3.2
1468398283702	addons.manager	DEBUG	Registering shutdown blocker for XPIProvider
1468398283703	addons.manager	DEBUG	Provider finished startup: XPIProvider
1468398283703	addons.manager	DEBUG	Starting provider: LightweightThemeManager
1468398283703	addons.manager	DEBUG	Registering shutdown blocker for LightweightThemeManager
1468398283703	addons.manager	DEBUG	Provider finished startup: LightweightThemeManager
1468398283704	addons.manager	DEBUG	Starting provider: GMPProvider
1468398283760	addons.manager	DEBUG	Registering shutdown blocker for GMPProvider
1468398283760	addons.manager	DEBUG	Provider finished startup: GMPProvider
1468398283761	addons.manager	DEBUG	Starting provider: PluginProvider
1468398283761	addons.manager	DEBUG	Registering shutdown blocker for PluginProvider
1468398283762	addons.manager	DEBUG	Provider finished startup: PluginProvider
1468398283763	addons.manager	DEBUG	Completed startup sequence
1468398287944	addons.manager	DEBUG	Starting provider: <unnamed-provider>
1468398287945	addons.manager	DEBUG	Registering shutdown blocker for <unnamed-provider>
1468398287945	addons.manager	DEBUG	Provider finished startup: <unnamed-provider>
1468398292664	DeferredSave.extensions.json	DEBUG	Write succeeded
1468398292664	addons.xpi-utils	DEBUG	XPI Database saved, setting schema version preference to 17
1468398292664	DeferredSave.extensions.json	DEBUG	Starting timer
1468398292672	addons.repository	DEBUG	No addons.json found.
1468398292672	DeferredSave.addons.json	DEBUG	Save changes
1468398292728	DeferredSave.addons.json	DEBUG	Starting timer
1468398294010	addons.manager	DEBUG	Starting provider: PreviousExperimentProvider
1468398294010	addons.manager	DEBUG	Registering shutdown blocker for PreviousExperimentProvider
1468398294011	addons.manager	DEBUG	Provider finished startup: PreviousExperimentProvider
1468398294014	DeferredSave.extensions.json	DEBUG	Starting write
1468398294018	DeferredSave.addons.json	DEBUG	Starting write
1468398294306	DeferredSave.extensions.json	DEBUG	Write succeeded
1468398295196	DeferredSave.addons.json	DEBUG	Write succeeded

	at org.openqa.selenium.firefox.internal.NewProfileExtensionConnection.start(NewProfileExtensionConnection.java:122)
	... 32 more
]]>
    </error>
  </testcase> <!-- Demo -->
</testsuite> <!-- runners.Handle_Dynamic_WebTables_Runner -->
