<?xml version="1.0" encoding="UTF-8"?>
<!-- Generated by org.testng.reporters.JUnitReportReporter -->
<testsuite hostname="AMK53S-26" name="automation_Framework.MultiBrowser_ParallelTesting" tests="3" failures="0" timestamp="31 Jul 2015 13:25:49 GMT" time="236.374" errors="0">
  <testcase name="Test" time="78.829" classname="automation_Framework.MultiBrowser_ParallelTesting"/>
  <testcase name="Test" time="78.816" classname="automation_Framework.MultiBrowser_ParallelTesting"/>
  <testcase name="Test" time="78.729" classname="automation_Framework.MultiBrowser_ParallelTesting"/>
</testsuite> <!-- automation_Framework.MultiBrowser_ParallelTesting -->
