<?xml version="1.0" encoding="UTF-8"?>
<!-- Generated by org.testng.reporters.JUnitReportReporter -->
<testsuite hostname="AMK53S-26" name="automation_Framework.Reporters_Asserts" tests="1" failures="0" timestamp="27 Aug 2014 10:01:51 GMT" time="6.942" errors="0">
  <testcase name="test_Asserts" time="6.942" classname="automation_Framework.Reporters_Asserts"/>
</testsuite> <!-- automation_Framework.Reporters_Asserts -->
