<?xml version="1.0" encoding="UTF-8"?>
<!-- Generated by org.testng.reporters.JUnitReportReporter -->
<testsuite hostname="AMK53S-26" name="automation_Framework.Parameters_Dataprovider" tests="2" failures="0" timestamp="1 Oct 2014 05:13:07 GMT" time="814.750" errors="0">
  <testcase name="test" time="802.319" classname="automation_Framework.Parameters_Dataprovider"/>
  <testcase name="test" time="12.431" classname="automation_Framework.Parameters_Dataprovider"/>
</testsuite> <!-- automation_Framework.Parameters_Dataprovider -->
