<?xml version="1.0" encoding="UTF-8"?>
<!-- Generated by org.testng.reporters.JUnitReportReporter -->
<testsuite hostname="AMK53S-26" name="selenium_Basic_runners.Upload_File_Runner" tests="1" failures="0" timestamp="15 Oct 2015 04:29:32 GMT" time="57.095" errors="0">
  <testcase name="Demo" time="57.095" classname="selenium_Basic_runners.Upload_File_Runner"/>
</testsuite> <!-- selenium_Basic_runners.Upload_File_Runner -->
