<?xml version="1.0" encoding="UTF-8"?>
<!-- Generated by org.testng.reporters.JUnitReportReporter -->
<testsuite hostname="AMK53S-26" name="automation_Framework.Grouping" tests="7" failures="0" timestamp="27 Aug 2014 08:22:48 GMT" time="0.018" errors="0">
  <testcase name="Car2" time="0.001" classname="automation_Framework.Grouping"/>
  <testcase name="Dependency1" time="0.001" classname="automation_Framework.Grouping"/>
  <testcase name="Sedan1" time="0.001" classname="automation_Framework.Grouping"/>
  <testcase name="Scooter2" time="0.001" classname="automation_Framework.Grouping"/>
  <testcase name="Car1" time="0.001" classname="automation_Framework.Grouping"/>
  <testcase name="Scooter1" time="0.013" classname="automation_Framework.Grouping"/>
  <testcase name="Dependency2" time="0.000" classname="automation_Framework.Grouping"/>
</testsuite> <!-- automation_Framework.Grouping -->
