<?xml version="1.0" encoding="UTF-8"?>
<!-- Generated by org.testng.reporters.JUnitReportReporter -->
<testsuite hostname="AMK53S-26" name="automation_Framework.Prioritizing_Sequencing" tests="7" failures="0" timestamp="27 Aug 2014 08:06:50 GMT" time="0.023" errors="0">
  <testcase name="Sedan1" time="0.018" classname="automation_Framework.Prioritizing_Sequencing"/>
  <testcase name="Dependency2" time="0.001" classname="automation_Framework.Prioritizing_Sequencing"/>
  <testcase name="Car1" time="0.001" classname="automation_Framework.Prioritizing_Sequencing"/>
  <testcase name="Scooter2" time="0.000" classname="automation_Framework.Prioritizing_Sequencing"/>
  <testcase name="Car2" time="0.001" classname="automation_Framework.Prioritizing_Sequencing"/>
  <testcase name="Scooter1" time="0.001" classname="automation_Framework.Prioritizing_Sequencing"/>
  <testcase name="Dependency1" time="0.001" classname="automation_Framework.Prioritizing_Sequencing"/>
</testsuite> <!-- automation_Framework.Prioritizing_Sequencing -->
