<?xml version="1.0" encoding="UTF-8"?>
<!-- Generated by org.testng.reporters.JUnitReportReporter -->
<testsuite hostname="AMK53S-26" name="automation_Framework.TestNG" tests="1" failures="0" timestamp="26 Aug 2014 08:34:43 GMT" time="9.708" errors="0">
  <testcase name="f" time="9.708" classname="automation_Framework.TestNG"/>
</testsuite> <!-- automation_Framework.TestNG -->
