<?xml version="1.0" encoding="UTF-8"?>
<!-- Generated by org.testng.reporters.JUnitReportReporter -->
<testsuite hostname="AMK53S-26" name="zen_login.Zen_Login" tests="2" failures="0" timestamp="17 Sep 2015 04:21:49 GMT" time="5.556" errors="0">
  <testcase name="Test" time="1.183" classname="zen_login.Zen_Login"/>
  <testcase name="Test2" time="4.373" classname="zen_login.Zen_Login"/>
</testsuite> <!-- zen_login.Zen_Login -->
