<?xml version="1.0" encoding="UTF-8"?>
<!-- Generated by org.testng.reporters.JUnitReportReporter -->
<testsuite hostname="AMK53S-26" name="examples.Timestamp" tests="1" failures="0" timestamp="26 Aug 2015 11:52:37 GMT" time="0.063" errors="0">
  <testcase name="main" time="0.063" classname="examples.Timestamp"/>
</testsuite> <!-- examples.Timestamp -->
