<?xml version="1.0" encoding="UTF-8"?>
<!-- Generated by org.testng.reporters.JUnitReportReporter -->
<testsuite hostname="FFThinh-PC" name="examples.Dropdown_MultipleSelection" tests="1" failures="0" timestamp="10 Sep 2015 18:08:12 GMT" time="10.873" errors="0">
  <testcase name="f" time="10.873" classname="examples.Dropdown_MultipleSelection"/>
</testsuite> <!-- examples.Dropdown_MultipleSelection -->
