<?xml version="1.0" encoding="UTF-8"?>
<!-- Generated by org.testng.reporters.JUnitReportReporter -->
<testsuite hostname="AMK53S-26" name="login.Test1" tests="2" failures="0" timestamp="8 Oct 2014 08:20:58 GMT" time="6.756" errors="0">
  <testcase name="Check_Settings_radios" time="1.249" classname="login.Test1"/>
  <testcase name="Login_Valid" time="5.507" classname="login.Test1"/>
</testsuite> <!-- login.Test1 -->
