<?xml version="1.0" encoding="UTF-8"?>
<!-- Generated by org.testng.reporters.JUnitReportReporter -->
<testsuite hostname="AMK53S-26" name="login.Login" tests="1" failures="0" timestamp="21 Aug 2015 10:15:52 GMT" time="6.073" errors="0">
  <testcase name="Login_Valid" time="6.073" classname="login.Login"/>
</testsuite> <!-- login.Login -->
