<?xml version="1.0" encoding="UTF-8"?>
<!-- Generated by org.testng.reporters.JUnitReportReporter -->
<testsuite hostname="AMK53S-26" name="newsletter.Newsletter_Test" tests="1" failures="0" timestamp="9 Oct 2015 03:14:46 GMT" time="67.889" errors="0">
  <testcase name="Test" time="67.889" classname="newsletter.Newsletter_Test"/>
</testsuite> <!-- newsletter.Newsletter_Test -->
