<?xml version="1.0" encoding="UTF-8"?>
<!-- Generated by org.testng.reporters.JUnitReportReporter -->
<testsuite hostname="AMK53S-26" name="login.Login_TCs_v2" tests="1" failures="0" timestamp="19 Oct 2015 07:51:13 GMT" time="56.622" errors="0">
  <testcase name="f" time="56.622" classname="login.Login_TCs_v2"/>
</testsuite> <!-- login.Login_TCs_v2 -->
