<?xml version="1.0" encoding="UTF-8"?>
<!-- Generated by org.testng.reporters.JUnitReportReporter -->
<testsuite hostname="AMK53S-26" name="login.Login_v2" tests="1" failures="0" timestamp="9 Oct 2015 08:54:09 GMT" time="19.908" errors="0">
  <testcase name="f" time="19.908" classname="login.Login_v2"/>
</testsuite> <!-- login.Login_v2 -->
