<?xml version="1.0" encoding="UTF-8"?>
<!-- Generated by org.testng.reporters.JUnitReportReporter -->
<testsuite hostname="AMK53S-26" name="login.Dashboard_Settings" tests="2" failures="0" timestamp="8 Oct 2014 09:38:59 GMT" time="7.977" errors="0">
  <testcase name="Login_Valid" time="6.189" classname="login.Dashboard_Settings"/>
  <testcase name="Check_Settings_radios" time="1.788" classname="login.Dashboard_Settings"/>
</testsuite> <!-- login.Dashboard_Settings -->
