<?xml version="1.0" encoding="UTF-8"?>
<!-- Generated by org.testng.reporters.JUnitReportReporter -->
<testsuite hostname="AMK53S-26" name="content_issue.Timestamp" tests="1" failures="0" timestamp="26 Aug 2015 10:51:01 GMT" time="0.057" errors="0">
  <testcase name="main" time="0.057" classname="content_issue.Timestamp"/>
</testsuite> <!-- content_issue.Timestamp -->
