<?xml version="1.0" encoding="UTF-8"?>
<!-- Generated by org.testng.reporters.JUnitReportReporter -->
<testsuite hostname="AMK53S-26" name="newsletter.Newsletter_TCs" tests="1" failures="0" timestamp="28 Oct 2015 03:28:42 GMT" time="43.238" errors="0">
  <testcase name="Test" time="43.238" classname="newsletter.Newsletter_TCs"/>
</testsuite> <!-- newsletter.Newsletter_TCs -->
