<?xml version="1.0" encoding="UTF-8"?>
<!-- Generated by org.testng.reporters.JUnitReportReporter -->
<testsuite hostname="AMK53S-26" name="content_issue.Demo" tests="1" failures="0" timestamp="26 Aug 2015 10:33:21 GMT" time="0.021" errors="0">
  <testcase name="main" time="0.021" classname="content_issue.Demo"/>
</testsuite> <!-- content_issue.Demo -->
