<?xml version="1.0" encoding="UTF-8"?>
<!-- Generated by org.testng.reporters.JUnitReportReporter -->
<testsuite hostname="AMK53S-26" name="testRunner.Apache_POI_TC" tests="1" failures="0" timestamp="9 Oct 2015 03:57:05 GMT" time="24.262" errors="0">
  <testcase name="Test" time="24.262" classname="testRunner.Apache_POI_TC"/>
</testsuite> <!-- testRunner.Apache_POI_TC -->
