<?xml version="1.0" encoding="UTF-8"?>
<!-- Generated by org.testng.reporters.JUnitReportReporter -->
<testsuite hostname="AMK53S-26" name="content_issue.Create" tests="1" failures="0" timestamp="3 Nov 2014 11:14:12 GMT" time="5.572" errors="0">
  <testcase name="Login_Valid" time="5.572" classname="content_issue.Create"/>
</testsuite> <!-- content_issue.Create -->
