<?xml version="1.0" encoding="UTF-8"?>
<!-- Generated by org.testng.reporters.JUnitReportReporter -->
<testsuite hostname="AMK53S-26" name="content_issue.Examples" tests="1" failures="0" timestamp="26 Aug 2015 10:43:56 GMT" time="0.022" errors="0">
  <testcase name="main" time="0.022" classname="content_issue.Examples"/>
</testsuite> <!-- content_issue.Examples -->
