<?xml version="1.0" encoding="UTF-8"?>
<!-- Generated by org.testng.reporters.JUnitReportReporter -->
<testsuite hostname="AMK53S-26" name="content_issue.Edit" tests="1" failures="0" timestamp="26 Aug 2015 10:28:32 GMT" time="6.302" errors="0">
  <testcase name="Edit_Issue" time="6.302" classname="content_issue.Edit"/>
</testsuite> <!-- content_issue.Edit -->
