<?xml version="1.0" encoding="UTF-8"?>
<!-- Generated by org.testng.reporters.JUnitReportReporter -->
<testsuite hostname="AMK53S-26" name="newsletter.Create_Newsletter" tests="1" failures="0" timestamp="8 Oct 2015 09:10:22 GMT" time="53.159" errors="0">
  <testcase name="Test" time="53.159" classname="newsletter.Create_Newsletter"/>
</testsuite> <!-- newsletter.Create_Newsletter -->
