<?xml version="1.0" encoding="UTF-8"?>
<!-- Generated by org.testng.reporters.JUnitReportReporter -->
<testsuite hostname="AMK53S-26" name="maven_for_RESTAPI.NewTest" tests="1" failures="0" timestamp="18 Mar 2016 07:51:41 GMT" time="4.511" errors="0">
  <testcase name="f" time="4.511" classname="maven_for_RESTAPI.NewTest"/>
</testsuite> <!-- maven_for_RESTAPI.NewTest -->
