<?xml version="1.0" encoding="UTF-8"?>
<!-- Generated by org.testng.reporters.JUnitReportReporter -->
<testsuite hostname="AMK53S-26" name="Maven.TestNG.ParallelSuiteTest" tests="2" failures="0" timestamp="14 Jul 2016 11:41:54 GMT" time="0.001" errors="0">
  <testcase name="testMethodOne" time="0.000" classname="Maven.TestNG.ParallelSuiteTest"/>
  <testcase name="testMethodOne" time="0.001" classname="Maven.TestNG.ParallelSuiteTest"/>
</testsuite> <!-- Maven.TestNG.ParallelSuiteTest -->
