<?xml version="1.0" encoding="UTF-8"?>
<!-- Generated by org.testng.reporters.JUnitReportReporter -->
<testsuite hostname="AMK53S-26" name="Maven.TestNG.ZEN_3726" tests="1" failures="0" timestamp="27 Apr 2016 07:34:31 GMT" time="7.075" errors="0">
  <testcase name="f1_RestAssured" time="7.075" classname="Maven.TestNG.ZEN_3726"/>
</testsuite> <!-- Maven.TestNG.ZEN_3726 -->
