<?xml version="1.0" encoding="UTF-8"?>
<!-- Generated by org.testng.reporters.JUnitReportReporter -->
<testsuite hostname="AMK53S-26" name="Maven.TestNG.Login_inMaven" tests="6" failures="0" timestamp="26 Apr 2016 08:07:47 GMT" time="76.695" errors="0">
  <testcase name="Login_Invalid" time="13.414" classname="Maven.TestNG.Login_inMaven"/>
  <testcase name="Login_Invalid" time="11.375" classname="Maven.TestNG.Login_inMaven"/>
  <testcase name="Login_Invalid" time="11.607" classname="Maven.TestNG.Login_inMaven"/>
  <testcase name="Login_Valid" time="15.828" classname="Maven.TestNG.Login_inMaven"/>
  <testcase name="Login_Invalid" time="9.312" classname="Maven.TestNG.Login_inMaven"/>
  <testcase name="Forgot_password" time="15.159" classname="Maven.TestNG.Login_inMaven"/>
</testsuite> <!-- Maven.TestNG.Login_inMaven -->
