<?xml version="1.0" encoding="UTF-8"?>
<!-- Generated by org.testng.reporters.JUnitReportReporter -->
<testsuite hostname="AMK53S-26" name="Maven.TestNG.AppTest" tests="1" failures="0" timestamp="26 Apr 2016 07:57:03 GMT" time="0.003" errors="0">
  <testcase name="oneMoreTest" time="0.003" classname="Maven.TestNG.AppTest"/>
</testsuite> <!-- Maven.TestNG.AppTest -->
