<?xml version="1.0" encoding="UTF-8"?>
<!-- Generated by org.testng.reporters.JUnitReportReporter -->
<testsuite hostname="AMK53S-26" name="Maven.TestNG.RegularExpressionGroupTest" tests="4" failures="0" timestamp="26 Apr 2016 07:58:32 GMT" time="0.024" errors="0">
  <testcase name="testMethodThree" time="0.001" classname="Maven.TestNG.RegularExpressionGroupTest"/>
  <testcase name="testMethodTwo" time="0.001" classname="Maven.TestNG.RegularExpressionGroupTest"/>
  <testcase name="testMethodOne" time="0.003" classname="Maven.TestNG.RegularExpressionGroupTest"/>
  <testcase name="testMethodFour" time="0.019" classname="Maven.TestNG.RegularExpressionGroupTest"/>
</testsuite> <!-- Maven.TestNG.RegularExpressionGroupTest -->
