<?xml version="1.0" encoding="UTF-8"?>
<!-- Generated by org.testng.reporters.JUnitReportReporter -->
<testsuite hostname="AMK53S-26" name="maven_for_RESTAPI.ZEN_Demo" tests="1" failures="0" timestamp="28 Apr 2016 04:55:49 GMT" time="5.097" errors="0">
  <testcase name="f" time="5.097" classname="maven_for_RESTAPI.ZEN_Demo"/>
</testsuite> <!-- maven_for_RESTAPI.ZEN_Demo -->
