<?xml version="1.0" encoding="UTF-8"?>
<!-- Generated by org.testng.reporters.JUnitReportReporter -->
<testsuite hostname="AMK53S-26" name="maven_for_RESTAPI.ZEN_3727" tests="1" failures="0" timestamp="2 Jun 2016 09:43:57 GMT" time="9.678" errors="0">
  <testcase name="f" time="9.678" classname="maven_for_RESTAPI.ZEN_3727"/>
</testsuite> <!-- maven_for_RESTAPI.ZEN_3727 -->
