<?xml version="1.0" encoding="UTF-8"?>
<!-- Generated by org.testng.reporters.JUnitReportReporter -->
<testsuite hostname="AMK53S-26" name="group_ID.REST_Automation_Maven_Maven_for_RESTAPI.NewTest" tests="1" failures="0" timestamp="18 Mar 2016 04:00:39 GMT" time="0.865" errors="0">
  <testcase name="f" time="0.865" classname="group_ID.REST_Automation_Maven_Maven_for_RESTAPI.NewTest"/>
</testsuite> <!-- group_ID.REST_Automation_Maven_Maven_for_RESTAPI.NewTest -->
